Determining if the pthread_create exist failed with the following output:
Change Dir: /home/clm/catkin_ws/build/CMakeFiles/CMakeTmp

Run Build Command:"/usr/bin/make" "cmTC_7350f/fast"
/usr/bin/make -f CMakeFiles/cmTC_7350f.dir/build.make CMakeFiles/cmTC_7350f.dir/build
make[1]: Entering directory '/home/clm/catkin_ws/build/CMakeFiles/CMakeTmp'
Building C object CMakeFiles/cmTC_7350f.dir/CheckSymbolExists.c.o
/usr/bin/cc    -o CMakeFiles/cmTC_7350f.dir/CheckSymbolExists.c.o   -c /home/clm/catkin_ws/build/CMakeFiles/CMakeTmp/CheckSymbolExists.c
Linking C executable cmTC_7350f
/usr/bin/cmake -E cmake_link_script CMakeFiles/cmTC_7350f.dir/link.txt --verbose=1
/usr/bin/cc      -rdynamic CMakeFiles/cmTC_7350f.dir/CheckSymbolExists.c.o  -o cmTC_7350f 
CMakeFiles/cmTC_7350f.dir/CheckSymbolExists.c.o: In function `main':
CheckSymbolExists.c:(.text+0x14): undefined reference to `pthread_create'
CheckSymbolExists.c:(.text+0x18): undefined reference to `pthread_create'
collect2: error: ld returned 1 exit status
CMakeFiles/cmTC_7350f.dir/build.make:97: recipe for target 'cmTC_7350f' failed
make[1]: *** [cmTC_7350f] Error 1
make[1]: Leaving directory '/home/clm/catkin_ws/build/CMakeFiles/CMakeTmp'
Makefile:126: recipe for target 'cmTC_7350f/fast' failed
make: *** [cmTC_7350f/fast] Error 2

File /home/clm/catkin_ws/build/CMakeFiles/CMakeTmp/CheckSymbolExists.c:
/* */
#include <pthread.h>

int main(int argc, char** argv)
{
  (void)argv;
#ifndef pthread_create
  return ((int*)(&pthread_create))[argc];
#else
  (void)argc;
  return 0;
#endif
}

Determining if the function pthread_create exists in the pthreads failed with the following output:
Change Dir: /home/clm/catkin_ws/build/CMakeFiles/CMakeTmp

Run Build Command:"/usr/bin/make" "cmTC_2105e/fast"
/usr/bin/make -f CMakeFiles/cmTC_2105e.dir/build.make CMakeFiles/cmTC_2105e.dir/build
make[1]: Entering directory '/home/clm/catkin_ws/build/CMakeFiles/CMakeTmp'
Building C object CMakeFiles/cmTC_2105e.dir/CheckFunctionExists.c.o
/usr/bin/cc   -DCHECK_FUNCTION_EXISTS=pthread_create   -o CMakeFiles/cmTC_2105e.dir/CheckFunctionExists.c.o   -c /usr/share/cmake-3.10/Modules/CheckFunctionExists.c
Linking C executable cmTC_2105e
/usr/bin/cmake -E cmake_link_script CMakeFiles/cmTC_2105e.dir/link.txt --verbose=1
/usr/bin/cc  -DCHECK_FUNCTION_EXISTS=pthread_create    -rdynamic CMakeFiles/cmTC_2105e.dir/CheckFunctionExists.c.o  -o cmTC_2105e -lpthreads 
/usr/bin/ld: cannot find -lpthreads
collect2: error: ld returned 1 exit status
CMakeFiles/cmTC_2105e.dir/build.make:97: recipe for target 'cmTC_2105e' failed
make[1]: *** [cmTC_2105e] Error 1
make[1]: Leaving directory '/home/clm/catkin_ws/build/CMakeFiles/CMakeTmp'
Makefile:126: recipe for target 'cmTC_2105e/fast' failed
make: *** [cmTC_2105e/fast] Error 2


Determining if the Q_WS_WIN exist failed with the following output:
Change Dir: /home/clm/catkin_ws/build/CMakeFiles/CMakeTmp

Run Build Command:"/usr/bin/make" "cmTC_a4c51/fast"
/usr/bin/make -f CMakeFiles/cmTC_a4c51.dir/build.make CMakeFiles/cmTC_a4c51.dir/build
make[1]: Entering directory '/home/clm/catkin_ws/build/CMakeFiles/CMakeTmp'
Building CXX object CMakeFiles/cmTC_a4c51.dir/CheckSymbolExists.cxx.o
/usr/bin/c++   -I/usr/include/qt4   -o CMakeFiles/cmTC_a4c51.dir/CheckSymbolExists.cxx.o -c /home/clm/catkin_ws/build/CMakeFiles/CMakeTmp/CheckSymbolExists.cxx
/home/clm/catkin_ws/build/CMakeFiles/CMakeTmp/CheckSymbolExists.cxx: In function ‘int main(int, char**)’:
/home/clm/catkin_ws/build/CMakeFiles/CMakeTmp/CheckSymbolExists.cxx:8:19: error: ‘Q_WS_WIN’ was not declared in this scope
   return ((int*)(&Q_WS_WIN))[argc];
                   ^~~~~~~~
/home/clm/catkin_ws/build/CMakeFiles/CMakeTmp/CheckSymbolExists.cxx:8:19: note: suggested alternative: ‘Q_WS_X11’
   return ((int*)(&Q_WS_WIN))[argc];
                   ^~~~~~~~
                   Q_WS_X11
CMakeFiles/cmTC_a4c51.dir/build.make:65: recipe for target 'CMakeFiles/cmTC_a4c51.dir/CheckSymbolExists.cxx.o' failed
make[1]: *** [CMakeFiles/cmTC_a4c51.dir/CheckSymbolExists.cxx.o] Error 1
make[1]: Leaving directory '/home/clm/catkin_ws/build/CMakeFiles/CMakeTmp'
Makefile:126: recipe for target 'cmTC_a4c51/fast' failed
make: *** [cmTC_a4c51/fast] Error 2

File /home/clm/catkin_ws/build/CMakeFiles/CMakeTmp/CheckSymbolExists.cxx:
/* */
#include <QtCore/qglobal.h>

int main(int argc, char** argv)
{
  (void)argv;
#ifndef Q_WS_WIN
  return ((int*)(&Q_WS_WIN))[argc];
#else
  (void)argc;
  return 0;
#endif
}

Determining if the Q_WS_QWS exist failed with the following output:
Change Dir: /home/clm/catkin_ws/build/CMakeFiles/CMakeTmp

Run Build Command:"/usr/bin/make" "cmTC_34374/fast"
/usr/bin/make -f CMakeFiles/cmTC_34374.dir/build.make CMakeFiles/cmTC_34374.dir/build
make[1]: Entering directory '/home/clm/catkin_ws/build/CMakeFiles/CMakeTmp'
Building CXX object CMakeFiles/cmTC_34374.dir/CheckSymbolExists.cxx.o
/usr/bin/c++   -I/usr/include/qt4   -o CMakeFiles/cmTC_34374.dir/CheckSymbolExists.cxx.o -c /home/clm/catkin_ws/build/CMakeFiles/CMakeTmp/CheckSymbolExists.cxx
/home/clm/catkin_ws/build/CMakeFiles/CMakeTmp/CheckSymbolExists.cxx: In function ‘int main(int, char**)’:
/home/clm/catkin_ws/build/CMakeFiles/CMakeTmp/CheckSymbolExists.cxx:8:19: error: ‘Q_WS_QWS’ was not declared in this scope
   return ((int*)(&Q_WS_QWS))[argc];
                   ^~~~~~~~
/home/clm/catkin_ws/build/CMakeFiles/CMakeTmp/CheckSymbolExists.cxx:8:19: note: suggested alternative: ‘Q_WS_X11’
   return ((int*)(&Q_WS_QWS))[argc];
                   ^~~~~~~~
                   Q_WS_X11
CMakeFiles/cmTC_34374.dir/build.make:65: recipe for target 'CMakeFiles/cmTC_34374.dir/CheckSymbolExists.cxx.o' failed
make[1]: *** [CMakeFiles/cmTC_34374.dir/CheckSymbolExists.cxx.o] Error 1
make[1]: Leaving directory '/home/clm/catkin_ws/build/CMakeFiles/CMakeTmp'
Makefile:126: recipe for target 'cmTC_34374/fast' failed
make: *** [cmTC_34374/fast] Error 2

File /home/clm/catkin_ws/build/CMakeFiles/CMakeTmp/CheckSymbolExists.cxx:
/* */
#include <QtCore/qglobal.h>

int main(int argc, char** argv)
{
  (void)argv;
#ifndef Q_WS_QWS
  return ((int*)(&Q_WS_QWS))[argc];
#else
  (void)argc;
  return 0;
#endif
}

Determining if the Q_WS_MAC exist failed with the following output:
Change Dir: /home/clm/catkin_ws/build/CMakeFiles/CMakeTmp

Run Build Command:"/usr/bin/make" "cmTC_908ce/fast"
/usr/bin/make -f CMakeFiles/cmTC_908ce.dir/build.make CMakeFiles/cmTC_908ce.dir/build
make[1]: Entering directory '/home/clm/catkin_ws/build/CMakeFiles/CMakeTmp'
Building CXX object CMakeFiles/cmTC_908ce.dir/CheckSymbolExists.cxx.o
/usr/bin/c++   -I/usr/include/qt4   -o CMakeFiles/cmTC_908ce.dir/CheckSymbolExists.cxx.o -c /home/clm/catkin_ws/build/CMakeFiles/CMakeTmp/CheckSymbolExists.cxx
/home/clm/catkin_ws/build/CMakeFiles/CMakeTmp/CheckSymbolExists.cxx: In function ‘int main(int, char**)’:
/home/clm/catkin_ws/build/CMakeFiles/CMakeTmp/CheckSymbolExists.cxx:8:19: error: ‘Q_WS_MAC’ was not declared in this scope
   return ((int*)(&Q_WS_MAC))[argc];
                   ^~~~~~~~
/home/clm/catkin_ws/build/CMakeFiles/CMakeTmp/CheckSymbolExists.cxx:8:19: note: suggested alternative: ‘Q_WS_X11’
   return ((int*)(&Q_WS_MAC))[argc];
                   ^~~~~~~~
                   Q_WS_X11
CMakeFiles/cmTC_908ce.dir/build.make:65: recipe for target 'CMakeFiles/cmTC_908ce.dir/CheckSymbolExists.cxx.o' failed
make[1]: *** [CMakeFiles/cmTC_908ce.dir/CheckSymbolExists.cxx.o] Error 1
make[1]: Leaving directory '/home/clm/catkin_ws/build/CMakeFiles/CMakeTmp'
Makefile:126: recipe for target 'cmTC_908ce/fast' failed
make: *** [cmTC_908ce/fast] Error 2

File /home/clm/catkin_ws/build/CMakeFiles/CMakeTmp/CheckSymbolExists.cxx:
/* */
#include <QtCore/qglobal.h>

int main(int argc, char** argv)
{
  (void)argv;
#ifndef Q_WS_MAC
  return ((int*)(&Q_WS_MAC))[argc];
#else
  (void)argc;
  return 0;
#endif
}

